{
  "RSpec": {
    "coverage": {
      "/home/emmanuel/Documents/Web/Projects/TestsWebProject2/SurveyCreator/config/environment.rb": [
        null,
        1,
        null,
        null,
        1
      ],
      "/home/emmanuel/Documents/Web/Projects/TestsWebProject2/SurveyCreator/config/application.rb": [
        1,
        null,
        1,
        null,
        null,
        null,
        1,
        null,
        1,
        1,
        null,
        null,
        null,
        null,
        null,
        null,
        null,
        null,
        null,
        null,
        null,
        null,
        null,
        1,
        null,
        null
      ],
      "/home/emmanuel/Documents/Web/Projects/TestsWebProject2/SurveyCreator/config/boot.rb": [
        1,
        null,
        1
      ],
      "/home/emmanuel/Documents/Web/Projects/TestsWebProject2/SurveyCreator/config/environments/test.rb": [
        1,
        null,
        null,
        null,
        null,
        null,
        null,
        1,
        null,
        null,
        null,
        null,
        1,
        null,
        null,
        1,
        1,
        null,
        null,
        1,
        1,
        null,
        null,
        1,
        null,
        null,
        1,
        null,
        null,
        null,
        null,
        1,
        null,
        null,
        1,
        null,
        null,
        1,
        null,
        null,
        null,
        null
      ],
      "/home/emmanuel/Documents/Web/Projects/TestsWebProject2/SurveyCreator/config/initializers/assets.rb": [
        null,
        null,
        null,
        1,
        null,
        null,
        null,
        null,
        null,
        null,
        null
      ],
      "/home/emmanuel/Documents/Web/Projects/TestsWebProject2/SurveyCreator/config/initializers/backtrace_silencers.rb": [
        null,
        null,
        null,
        null,
        null,
        null,
        null
      ],
      "/home/emmanuel/Documents/Web/Projects/TestsWebProject2/SurveyCreator/config/initializers/cookies_serializer.rb": [
        null,
        null,
        1
      ],
      "/home/emmanuel/Documents/Web/Projects/TestsWebProject2/SurveyCreator/config/initializers/devise.rb": [
        null,
        null,
        1,
        null,
        null,
        null,
        null,
        null,
        null,
        null,
        null,
        null,
        null,
        null,
        1,
        null,
        null,
        null,
        null,
        null,
        null,
        null,
        null,
        1,
        null,
        null,
        null,
        null,
        null,
        null,
        null,
        null,
        null,
        null,
        null,
        null,
        null,
        null,
        null,
        null,
        null,
        null,
        null,
        null,
        null,
        1,
        null,
        null,
        null,
        null,
        1,
        null,
        null,
        null,
        null,
        null,
        null,
        null,
        null,
        null,
        null,
        null,
        null,
        null,
        null,
        null,
        null,
        null,
        null,
        null,
        null,
        null,
        null,
        null,
        null,
        null,
        null,
        null,
        null,
        null,
        null,
        1,
        null,
        null,
        null,
        null,
        null,
        null,
        null,
        null,
        null,
        null,
        null,
        null,
        null,
        null,
        null,
        null,
        1,
        null,
        null,
        null,
        null,
        null,
        null,
        null,
        null,
        null,
        null,
        null,
        null,
        null,
        null,
        null,
        null,
        null,
        null,
        null,
        null,
        null,
        null,
        null,
        null,
        1,
        null,
        null,
        null,
        null,
        null,
        null,
        null,
        null,
        null,
        1,
        null,
        null,
        null,
        null,
        null,
        null,
        null,
        null,
        null,
        null,
        1,
        null,
        null,
        null,
        null,
        null,
        null,
        null,
        null,
        null,
        null,
        null,
        null,
        null,
        null,
        null,
        null,
        null,
        null,
        null,
        null,
        null,
        null,
        null,
        null,
        null,
        null,
        null,
        null,
        null,
        null,
        null,
        null,
        null,
        null,
        null,
        null,
        null,
        null,
        null,
        null,
        null,
        null,
        null,
        null,
        null,
        1,
        null,
        null,
        null,
        null,
        null,
        null,
        null,
        null,
        null,
        null,
        null,
        null,
        null,
        null,
        null,
        null,
        null,
        null,
        null,
        null,
        null,
        null,
        null,
        null,
        null,
        null,
        null,
        null,
        null,
        null,
        null,
        null,
        null,
        null,
        null,
        null,
        null,
        null,
        null,
        null,
        null,
        1,
        null,
        null,
        null,
        null,
        null,
        null,
        null,
        null,
        null,
        null,
        null,
        null,
        null,
        null,
        null,
        null,
        null,
        null,
        null,
        null,
        null,
        null,
        null,
        null,
        null,
        null,
        null,
        null,
        null
      ],
      "/home/emmanuel/Documents/Web/Projects/TestsWebProject2/SurveyCreator/config/initializers/filter_parameter_logging.rb": [
        null,
        null,
        null,
        1
      ],
      "/home/emmanuel/Documents/Web/Projects/TestsWebProject2/SurveyCreator/config/initializers/inflections.rb": [
        null,
        null,
        null,
        null,
        null,
        null,
        null,
        null,
        null,
        null,
        null,
        null,
        null,
        null,
        null,
        null
      ],
      "/home/emmanuel/Documents/Web/Projects/TestsWebProject2/SurveyCreator/config/initializers/mime_types.rb": [
        null,
        null,
        null,
        null
      ],
      "/home/emmanuel/Documents/Web/Projects/TestsWebProject2/SurveyCreator/config/initializers/session_store.rb": [
        null,
        null,
        1
      ],
      "/home/emmanuel/Documents/Web/Projects/TestsWebProject2/SurveyCreator/config/initializers/wrap_parameters.rb": [
        null,
        null,
        null,
        null,
        null,
        null,
        1,
        1,
        null,
        null,
        null,
        null,
        null,
        null
      ],
      "/home/emmanuel/Documents/Web/Projects/TestsWebProject2/SurveyCreator/config/routes.rb": [
        1,
        null,
        1,
        null,
        null,
        1,
        1,
        1,
        1,
        null,
        null,
        null,
        null,
        1,
        null,
        1,
        null,
        1,
        null,
        null,
        null,
        null,
        null,
        1,
        null,
        null,
        null,
        null,
        null,
        null,
        null,
        null,
        null,
        null,
        null,
        null,
        null,
        null,
        null,
        null,
        null,
        null,
        null,
        null,
        null,
        null,
        null,
        null,
        null,
        null,
        null,
        null,
        null,
        null,
        null,
        null,
        null,
        null,
        null,
        null,
        null,
        null,
        null,
        null,
        null,
        null,
        null,
        null,
        null,
        null,
        null,
        null,
        null,
        null
      ],
      "/home/emmanuel/Documents/Web/Projects/TestsWebProject2/SurveyCreator/app/models/user.rb": [
        1,
        null,
        null,
        1,
        1,
        null,
        null
      ],
      "/home/emmanuel/Documents/Web/Projects/TestsWebProject2/SurveyCreator/spec/spec_helper.rb": [
        null,
        null,
        null,
        null,
        null,
        null,
        null,
        null,
        null,
        null,
        null,
        null,
        null,
        null,
        null,
        null,
        null,
        null,
        null,
        1,
        null,
        null,
        null,
        1,
        null,
        null,
        null,
        null,
        null,
        null,
        null,
        1,
        null,
        null,
        null,
        null,
        1,
        null,
        null,
        null,
        1,
        null,
        null,
        null,
        null,
        null,
        null,
        null,
        null,
        null,
        null,
        null,
        null,
        null,
        null,
        null,
        null,
        null,
        null,
        null,
        null,
        null,
        null,
        null,
        null,
        null,
        null,
        null,
        null,
        null,
        null,
        null,
        null,
        null,
        null,
        null,
        null,
        null,
        null,
        null,
        null,
        null,
        null,
        null,
        null,
        null,
        null,
        null,
        null,
        null,
        null,
        null,
        null
      ],
      "/home/emmanuel/Documents/Web/Projects/TestsWebProject2/SurveyCreator/app/helpers/application_helper.rb": [
        1,
        1,
        0,
        null,
        1,
        2,
        2,
        2,
        null,
        2,
        null,
        1,
        1,
        0,
        null,
        null,
        null
      ],
      "/home/emmanuel/Documents/Web/Projects/TestsWebProject2/SurveyCreator/app/helpers/devise_test_helper.rb": [
        1,
        1,
        10,
        null,
        null,
        1,
        3,
        null,
        null,
        1,
        11,
        null,
        null
      ],
      "/home/emmanuel/Documents/Web/Projects/TestsWebProject2/SurveyCreator/app/helpers/link_to_function_helper.rb": [
        1,
        1,
        2,
        null,
        2,
        2,
        2,
        null,
        2,
        null,
        null
      ],
      "/home/emmanuel/Documents/Web/Projects/TestsWebProject2/SurveyCreator/app/helpers/pages_helper.rb": [
        1,
        null
      ],
      "/home/emmanuel/Documents/Web/Projects/TestsWebProject2/SurveyCreator/app/helpers/results_helper.rb": [
        1,
        1,
        1,
        null,
        null
      ],
      "/home/emmanuel/Documents/Web/Projects/TestsWebProject2/SurveyCreator/app/helpers/surveys_helper.rb": [
        1,
        null
      ],
      "/home/emmanuel/Documents/Web/Projects/TestsWebProject2/SurveyCreator/app/controllers/pages_controller.rb": [
        1,
        1,
        null,
        null,
        1,
        null,
        null,
        1,
        null,
        null
      ],
      "/home/emmanuel/Documents/Web/Projects/TestsWebProject2/SurveyCreator/app/controllers/application_controller.rb": [
        1,
        null,
        null,
        1,
        null
      ],
      "/home/emmanuel/Documents/Web/Projects/TestsWebProject2/SurveyCreator/spec/controllers/results_controller_spec.rb": [
        1,
        null,
        1,
        null,
        null
      ],
      "/home/emmanuel/Documents/Web/Projects/TestsWebProject2/SurveyCreator/app/controllers/results_controller.rb": [
        1,
        1,
        null,
        null,
        null,
        1,
        0,
        0,
        null,
        null,
        null,
        null,
        1,
        0,
        0,
        null,
        null,
        null,
        1,
        0,
        0,
        0,
        null,
        null,
        null,
        null,
        null,
        1,
        0,
        0,
        null,
        1,
        0,
        0,
        null,
        0,
        0,
        0,
        0,
        null,
        0,
        0,
        null,
        null,
        null,
        null,
        null,
        null,
        1,
        null,
        1,
        0,
        null,
        null,
        null,
        1,
        0,
        null,
        null,
        null
      ],
      "/home/emmanuel/Documents/Web/Projects/TestsWebProject2/SurveyCreator/spec/controllers/surveys_controller_spec.rb": [
        1,
        1,
        null,
        1,
        null,
        1,
        13,
        13,
        null,
        null,
        1,
        0,
        0,
        null,
        null,
        1,
        1,
        1,
        1,
        1,
        null,
        null,
        1,
        1,
        1,
        null,
        null,
        null,
        1,
        1,
        1,
        1,
        1,
        1,
        null,
        null,
        1,
        1,
        1,
        null,
        null,
        null,
        1,
        1,
        1,
        1,
        1,
        null,
        null,
        1,
        1,
        1,
        1,
        null,
        null,
        null,
        1,
        1,
        1,
        1,
        1,
        null,
        null,
        1,
        1,
        1,
        1,
        null,
        null,
        null,
        1,
        1,
        4,
        4,
        null,
        1,
        1,
        1,
        1,
        null,
        null,
        null,
        1,
        1,
        1,
        null,
        null,
        null,
        1,
        1,
        1,
        1,
        null,
        null,
        null,
        1,
        1,
        1,
        null,
        null,
        null,
        1,
        null,
        1,
        1,
        null,
        null,
        1,
        2,
        null,
        null,
        1,
        1,
        1,
        1,
        1,
        1,
        null,
        null,
        1,
        1,
        1,
        1,
        null,
        null,
        1,
        1,
        1,
        1,
        null,
        null,
        null,
        1,
        1,
        1,
        1,
        1,
        null,
        null,
        1,
        1,
        1,
        1,
        null,
        null,
        null,
        null,
        1,
        1,
        1,
        1,
        1,
        null,
        null,
        null,
        1,
        1,
        1,
        1,
        null,
        null,
        null
      ],
      "/home/emmanuel/Documents/Web/Projects/TestsWebProject2/SurveyCreator/app/controllers/surveys_controller.rb": [
        1,
        null,
        1,
        2,
        null,
        null,
        1,
        0,
        null,
        null,
        1,
        2,
        12,
        null,
        null,
        1,
        3,
        null,
        null,
        1,
        1,
        null,
        null,
        1,
        4,
        4,
        4,
        4,
        null,
        4,
        null,
        null,
        null,
        null,
        1,
        5,
        5,
        5,
        6,
        null,
        4,
        null,
        null,
        null,
        null,
        1,
        2,
        2,
        2,
        4,
        null,
        null,
        null,
        null,
        1,
        null,
        1,
        0,
        null,
        null,
        null,
        1,
        9,
        null,
        null,
        null
      ],
      "/home/emmanuel/Documents/Web/Projects/TestsWebProject2/SurveyCreator/spec/helpers/results_helper_spec.rb": [
        1,
        null,
        null,
        null,
        null,
        null,
        null,
        null,
        null,
        null,
        null,
        null,
        1,
        1,
        1,
        1,
        null,
        null,
        null,
        null
      ],
      "/home/emmanuel/Documents/Web/Projects/TestsWebProject2/SurveyCreator/spec/models/answer_spec.rb": [
        1,
        null,
        1,
        1,
        2,
        2,
        2,
        null,
        null,
        1,
        1,
        1,
        null,
        null,
        null,
        null,
        null,
        1,
        null,
        null,
        null,
        null,
        null
      ],
      "/home/emmanuel/Documents/Web/Projects/TestsWebProject2/SurveyCreator/app/models/answer.rb": [
        1,
        1,
        1,
        null
      ],
      "/home/emmanuel/Documents/Web/Projects/TestsWebProject2/SurveyCreator/spec/models/question_spec.rb": [
        1,
        1,
        null,
        1,
        1,
        2,
        2,
        null,
        null,
        1,
        1,
        1,
        1,
        null,
        null,
        1,
        1,
        1,
        1,
        null,
        null
      ],
      "/home/emmanuel/Documents/Web/Projects/TestsWebProject2/SurveyCreator/app/models/question.rb": [
        1,
        1,
        1,
        null,
        1,
        1,
        null
      ],
      "/home/emmanuel/Documents/Web/Projects/TestsWebProject2/SurveyCreator/spec/models/result_spec.rb": [
        1,
        null,
        1,
        1,
        2,
        2,
        2,
        null,
        null,
        1,
        1,
        1,
        1,
        null,
        null,
        1,
        1,
        1,
        1,
        null,
        null
      ],
      "/home/emmanuel/Documents/Web/Projects/TestsWebProject2/SurveyCreator/app/models/result.rb": [
        1,
        1,
        1,
        null,
        1,
        null
      ],
      "/home/emmanuel/Documents/Web/Projects/TestsWebProject2/SurveyCreator/spec/models/survey_spec.rb": [
        1,
        1,
        null,
        1,
        1,
        1,
        1,
        null,
        null,
        1,
        1,
        null,
        null
      ],
      "/home/emmanuel/Documents/Web/Projects/TestsWebProject2/SurveyCreator/app/models/survey.rb": [
        1,
        1,
        1,
        1,
        null,
        1,
        1,
        null
      ],
      "/home/emmanuel/Documents/Web/Projects/TestsWebProject2/SurveyCreator/spec/models/user_spec.rb": [
        1,
        1,
        null,
        1,
        null,
        1,
        1,
        1,
        1,
        null,
        null,
        1,
        1,
        1,
        1,
        null,
        null,
        null
      ],
      "/home/emmanuel/Documents/Web/Projects/TestsWebProject2/SurveyCreator/spec/views/devise/registrations/edit.html.erb_spec.rb": [
        null
      ],
      "/home/emmanuel/Documents/Web/Projects/TestsWebProject2/SurveyCreator/spec/views/devise/registrations/new.html.erb_spec.rb": [
        1,
        1,
        null,
        1,
        null,
        1,
        1,
        1,
        1,
        1,
        1,
        1,
        1,
        1,
        null,
        null,
        null
      ],
      "/home/emmanuel/Documents/Web/Projects/TestsWebProject2/SurveyCreator/spec/views/devise/sessions/new.html.erb_spec.rb": [
        1,
        1,
        null,
        1,
        1,
        1,
        1,
        1,
        1,
        1,
        1,
        1,
        null,
        null
      ],
      "/home/emmanuel/Documents/Web/Projects/TestsWebProject2/SurveyCreator/spec/views/layout/application.html.erb_spec.rb": [
        1,
        1,
        null,
        1,
        1,
        1,
        1,
        1,
        1,
        null,
        null,
        1,
        1,
        1,
        1,
        1,
        1,
        1,
        1,
        1,
        null,
        null,
        1,
        1,
        1,
        1,
        1,
        1,
        1,
        null,
        null
      ],
      "/home/emmanuel/Documents/Web/Projects/TestsWebProject2/SurveyCreator/spec/views/pages/about.html.erb_spec.rb": [
        1,
        null,
        null,
        null,
        null
      ],
      "/home/emmanuel/Documents/Web/Projects/TestsWebProject2/SurveyCreator/spec/views/pages/contact.html.erb_spec.rb": [
        1,
        null,
        null,
        null,
        null
      ],
      "/home/emmanuel/Documents/Web/Projects/TestsWebProject2/SurveyCreator/spec/views/pages/home.html.erb_spec.rb": [
        1,
        null,
        null,
        null,
        null
      ],
      "/home/emmanuel/Documents/Web/Projects/TestsWebProject2/SurveyCreator/spec/views/surveys/edit.html.erb_spec.rb": [
        1,
        null,
        1,
        null,
        1,
        1,
        1,
        1,
        null,
        null,
        null,
        1,
        1,
        1,
        null,
        null
      ],
      "/home/emmanuel/Documents/Web/Projects/TestsWebProject2/SurveyCreator/spec/views/surveys/index.html.erb_spec.rb": [
        1,
        1,
        null,
        1,
        null,
        1,
        2,
        2,
        null,
        null,
        1,
        1,
        1,
        null,
        null,
        1,
        1,
        1,
        1,
        1,
        null,
        null,
        null,
        null,
        1,
        1,
        1,
        null,
        null,
        1,
        1,
        1,
        1,
        null,
        null,
        null,
        null
      ],
      "/home/emmanuel/Documents/Web/Projects/TestsWebProject2/SurveyCreator/spec/views/surveys/new.html.erb_spec.rb": [
        1,
        1,
        null,
        1,
        1,
        1,
        null,
        null,
        null,
        null,
        1,
        1,
        1,
        1,
        null,
        null
      ],
      "/home/emmanuel/Documents/Web/Projects/TestsWebProject2/SurveyCreator/spec/views/surveys/published.html.erb_spec.rb": [
        1,
        1,
        null,
        1,
        1,
        1,
        1,
        1,
        1,
        1,
        1,
        null,
        null,
        null
      ],
      "/home/emmanuel/Documents/Web/Projects/TestsWebProject2/SurveyCreator/spec/views/surveys/show.html.erb_spec.rb": [
        1,
        1,
        null,
        1,
        null,
        1,
        1,
        1,
        1,
        1,
        null,
        null,
        null
      ]
    },
    "timestamp": 1444860566
  }
}
